<?xml version="1.0" encoding="UTF-8"?>
<!-- Generated by org.testng.reporters.JUnitXMLReporter -->
<testsuite ignored="0" hostname="RLT216" failures="0" tests="1" name="Command line test" time="0.033" errors="0" timestamp="18 Feb 2021 04:51:07 GMT">
  <testcase classname="com.pom.Testcases.Testsnapdeal" name="@BeforeMethod launch" time="0.0">
    <failure type="org.testng.TestNGException" message="
Parameter &amp;apos;browser&amp;apos; is required by BeforeMethod on method launch but has not been marked @Optional or defined
">
      <![CDATA[org.testng.TestNGException: 
Parameter 'browser' is required by BeforeMethod on method launch but has not been marked @Optional or defined

at com.pom.Testcases.Testrunner.main(Testrunner.java:14)
... Removed 22 stack frames]]>
    </failure>
  </testcase> <!-- @BeforeMethod launch -->
  <testcase classname="com.pom.Testcases.Testsnapdeal" name="@AfterMethod tear_down" time="0.0">
    <skipped/>
  </testcase> <!-- @AfterMethod tear_down -->
  <testcase classname="com.pom.Testcases.Testsnapdeal" name="tc_Verify_productadd" time="0.0">
    <skipped/>
  </testcase> <!-- tc_Verify_productadd -->
</testsuite> <!-- Command line test -->
